
Showing logs for build [32mhgautam-photosapp-master-releas-2pg6f-3-p6mvf[0m stage [32mfrom-build-pack[0m and container [32mstep-credential-initializer-pdssw[0m
{"level":"info","ts":1591659232.3942962,"logger":"fallback-logger","caller":"logging/config.go:69","msg":"Fetch GitHub commit ID from kodata failed: open /var/run/ko/refs/heads/0.8.0-ns-support: no such file or directory"}
{"level":"info","ts":1591659232.3951528,"logger":"fallback-logger","caller":"creds-init/main.go:40","msg":"Credentials initialized."}

Showing logs for build [32mhgautam-photosapp-master-releas-2pg6f-3-p6mvf[0m stage [32mfrom-build-pack[0m and container [32mstep-working-dir-initializer-tpskg[0m
{"level":"info","ts":1591659234.0407722,"logger":"fallback-logger","caller":"logging/config.go:69","msg":"Fetch GitHub commit ID from kodata failed: open /var/run/ko/HEAD: no such file or directory"}
{"level":"info","ts":1591659234.0424473,"logger":"fallback-logger","caller":"bash/main.go:64","msg":"Successfully executed command \"sh -c mkdir -p /workspace/source\"; output "}

Showing logs for build [32mhgautam-photosapp-master-releas-2pg6f-3-p6mvf[0m stage [32mfrom-build-pack[0m and container [32mstep-place-tools[0m

Showing logs for build [32mhgautam-photosapp-master-releas-2pg6f-3-p6mvf[0m stage [32mfrom-build-pack[0m and container [32mstep-git-source-hgautam-photosapp-master-releas-2pg6f-9jgtb[0m
{"level":"info","ts":1591659267.009284,"logger":"fallback-logger","caller":"logging/config.go:69","msg":"Fetch GitHub commit ID from kodata failed: open /var/run/ko/refs/heads/0.8.0-ns-support: no such file or directory"}
{"level":"info","ts":1591659267.652341,"logger":"fallback-logger","caller":"git/git.go:103","msg":"Successfully cloned https://github.com/*******/photosapp.git @ v0.0.4 in path /workspace/source"}

Showing logs for build [32mhgautam-photosapp-master-releas-2pg6f-3-p6mvf[0m stage [32mfrom-build-pack[0m and container [32mstep-git-merge[0m
Using SHAs from PULL_REFS=master:8889e1ab5d0d6a15b899327dd8181d73bb1689e8
WARNING: no SHAs to merge, falling back to initial cloned commit

Showing logs for build [32mhgautam-photosapp-master-releas-2pg6f-3-p6mvf[0m stage [32mfrom-build-pack[0m and container [32mstep-setup-jx-git-credentials[0m
Generated Git credentials file /workspace/xdg_config/git/credentials

Showing logs for build [32mhgautam-photosapp-master-releas-2pg6f-3-p6mvf[0m stage [32mfrom-build-pack[0m and container [32mstep-build-npmrc[0m
WARNING: failed to find Secret npm-token in namespace **

Showing logs for build [32mhgautam-photosapp-master-releas-2pg6f-3-p6mvf[0m stage [32mfrom-build-pack[0m and container [32mstep-build-npm-install[0m
npm WARN skiapp@1.0.0 No repository field.
npm WARN skiapp@1.0.0 No license field.
npm WARN optional SKIPPING OPTIONAL DEPENDENCY: fsevents@2.1.3 (node_modules/fsevents):
npm WARN notsup SKIPPING OPTIONAL DEPENDENCY: Unsupported platform for fsevents@2.1.3: wanted {"os":"darwin","arch":"any"} (current: {"os":"linux","arch":"x64"})

added 145 packages from 153 contributors and audited 146 packages in 3.894s
found 0 vulnerabilities


Showing logs for build [32mhgautam-photosapp-master-releas-2pg6f-3-p6mvf[0m stage [32mfrom-build-pack[0m and container [32mstep-build-npm-test[0m

> skiapp@1.0.0 test /workspace/source
> ./node_modules/mocha/bin/mocha tests/ --exit

Server running at http://localhost:8080


  GET Home page
    ✓ Should return a 200 ok response


  1 passing (44ms)


Showing logs for build [32mhgautam-photosapp-master-releas-2pg6f-3-p6mvf[0m stage [32mfrom-build-pack[0m and container [32mstep-build-container-build[0m
E0608 23:34:37.697498       9 aws_credentials.go:77] while getting AWS credentials NoCredentialProviders: no valid providers in chain. Deprecated.
	For verbose messaging see aws.Config.CredentialsChainVerboseErrors
[36mINFO[0m[0001] Using dockerignore file: /workspace/source/.dockerignore 
[36mINFO[0m[0001] Retrieving image manifest node:9-slim        
E0608 23:34:38.019509       9 metadata.go:154] while reading 'google-dockercfg' metadata: http status code: 404 while fetching url http://metadata.google.internal./computeMetadata/v1/instance/attributes/google-dockercfg
E0608 23:34:38.031770       9 metadata.go:166] while reading 'google-dockercfg-url' metadata: http status code: 404 while fetching url http://metadata.google.internal./computeMetadata/v1/instance/attributes/google-dockercfg-url
[36mINFO[0m[0002] Retrieving image manifest node:9-slim        
[36mINFO[0m[0003] Built cross stage deps: map[]                
[36mINFO[0m[0003] Retrieving image manifest node:9-slim        
[36mINFO[0m[0003] Retrieving image manifest node:9-slim        
[36mINFO[0m[0004] Executing 0 build triggers                   
[36mINFO[0m[0004] cmd: EXPOSE                                  
[36mINFO[0m[0004] Adding exposed port: 8080/tcp                
[36mINFO[0m[0005] Checking for cached layer gcr.io/integrated-oath-278216/cache:d39bc17b1c936450bf367a277d914f21c67562763cea27cf7db34113ff1bd8ab... 
[36mINFO[0m[0005] No cached layer found for cmd COPY . .       
[36mINFO[0m[0005] Unpacking rootfs as cmd COPY . . requires it. 
[36mINFO[0m[0010] ENV PORT 8080                                
[36mINFO[0m[0010] No files changed in this command, skipping snapshotting. 
[36mINFO[0m[0010] EXPOSE 8080                                  
[36mINFO[0m[0010] cmd: EXPOSE                                  
[36mINFO[0m[0010] Adding exposed port: 8080/tcp                
[36mINFO[0m[0010] No files changed in this command, skipping snapshotting. 
[36mINFO[0m[0010] WORKDIR /usr/src/app                         
[36mINFO[0m[0010] cmd: workdir                                 
[36mINFO[0m[0010] Changed working directory to /usr/src/app    
[36mINFO[0m[0010] Creating directory /usr/src/app              
[36mINFO[0m[0010] Resolving 1 paths                            
[36mINFO[0m[0010] Taking snapshot of files...                  
[36mINFO[0m[0011] COPY . .                                     
[36mINFO[0m[0012] Resolving 3496 paths                         
[36mINFO[0m[0012] Taking snapshot of files...                  
[36mINFO[0m[0012] CMD ["npm", "start"]                         
[36mINFO[0m[0012] No files changed in this command, skipping snapshotting. 
[36mINFO[0m[0012] Pushing layer gcr.io/integrated-oath-278216/cache:d39bc17b1c936450bf367a277d914f21c67562763cea27cf7db34113ff1bd8ab to cache now 

Showing logs for build [32mhgautam-photosapp-master-releas-2pg6f-3-p6mvf[0m stage [32mfrom-build-pack[0m and container [32mstep-build-post-build[0m
no CVE provider running in the current ** namespace so skip adding image to be analysed

Showing logs for build [32mhgautam-photosapp-master-releas-2pg6f-3-p6mvf[0m stage [32mfrom-build-pack[0m and container [32mstep-promote-changelog[0m
Converted /workspace/source/charts/photosapp to an unshallow repository
Generating change log from git ref 8fdc83d993205538f26e3252ae33bf46067b3c96 => 049cb6d721027ee3669006e480a25c6e46ef3832
Associating user x-0 in users.jenkins.io with email himanshu@aplimasolutions.com to git GitProvider user with login -0 as emails match
Adding label jenkins.io/git-github-userid=-0 to user x-0 in users.jenkins.io
WARNING: Failed to enrich commit 8889e1ab5d0d6a15b899327dd8181d73bb1689e8 with issues: User.jenkins.io "x-0" is invalid: metadata.labels: Invalid value: "-0": a valid label must be an empty string or consist of alphanumeric characters, '-', '_' or '.', and must start and end with an alphanumeric character (e.g. 'MyValue',  or 'my_value',  or '12345', regex used for validation is '(([A-Za-z0-9][-A-Za-z0-9_.]*)?[A-Za-z0-9])?')
Finding issues in commit messages using git format
WARNING: No release found for *******/photosapp and tag v0.0.4 so creating a new release
Updated the release information at https://github.com/*******/photosapp/releases/tag/v0.0.4
generated: /workspace/source/charts/photosapp/templates/release.yaml
Created Release photosapp-0-0-4 resource in namespace **
Updating PipelineActivity *******-photosapp-master-3 with version 0.0.4
Updated PipelineActivities *******-photosapp-master-3 with release notes URL: https://github.com/*******/photosapp/releases/tag/v0.0.4

Showing logs for build [32mhgautam-photosapp-master-releas-2pg6f-3-p6mvf[0m stage [32mfrom-build-pack[0m and container [32mstep-promote-helm-release[0m
WARNING: No $CHART_REPOSITORY defined so using the default value of: http://jenkins-x-chartmuseum:8080
Adding missing Helm repo: storage.googleapis.com https://storage.googleapis.com/chartmuseum.jenkins-x.io
Successfully added Helm repository storage.googleapis.com.
Adding missing Helm repo: jenkins-x-chartmuseum http://jenkins-x-chartmuseum:8080
Successfully added Helm repository jenkins-x-chartmuseum.
WARNING: No $CHART_REPOSITORY defined so using the default value of: http://jenkins-x-chartmuseum:8080
Uploading chart file photosapp-0.0.4.tgz to http://jenkins-x-chartmuseum:8080/api/charts
Received 201 response: {"saved":true}

Showing logs for build [32mhgautam-photosapp-master-releas-2pg6f-3-p6mvf[0m stage [32mfrom-build-pack[0m and container [32mstep-promote-jx-promote[0m
WARNING: prow based install so skip waiting for the merge of Pull Requests to go green as currently there is an issue with gettingstatuses from the PR, see https://github.com/jenkins-x/**/issues/2410
WARNING: No $CHART_REPOSITORY defined so using the default value of: http://jenkins-x-chartmuseum:8080
Promoting app photosapp version 0.0.4 to namespace **-staging
Created Pull Request: https://github.com/*******/environment-**boot-staging/pull/10
Added label updatebot to Pull Request https://github.com/*******/environment-**boot-staging/pull/10
got git provider status pending from PR https://github.com/*******/environment-**boot-staging/pull/10
got git provider status pending from PR https://github.com/*******/environment-**boot-staging/pull/10
got git provider status pending from PR https://github.com/*******/environment-**boot-staging/pull/10
got git provider status pending from PR https://github.com/*******/environment-**boot-staging/pull/10
got git provider status pending from PR https://github.com/*******/environment-**boot-staging/pull/10
got git provider status pending from PR https://github.com/*******/environment-**boot-staging/pull/10
got git provider status pending from PR https://github.com/*******/environment-**boot-staging/pull/10
Pull Request https://github.com/*******/environment-**boot-staging/pull/10 is merged at sha 1cef64c1adc80dc753d5b78851de14e7d31582ba
Pull Request merged but we are not waiting for the update pipeline to complete!
WARNING: Could not find the service URL in namespace **-staging for names photosapp, **-photosapp, **-staging-photosapp
