
Showing logs for build [32msb1975-photosapp-master-6qbn8-1[0m stage [32mfrom-build-pack[0m and container [32mcredential-initializer[0m
{"level":"info","ts":1610757076.8408298,"caller":"creds-init/main.go:44","msg":"Credentials initialized."}

Showing logs for build [32msb1975-photosapp-master-6qbn8-1[0m stage [32mfrom-build-pack[0m and container [32mworking-dir-initializer[0m

Showing logs for build [32msb1975-photosapp-master-6qbn8-1[0m stage [32mfrom-build-pack[0m and container [32mplace-tools[0m

Showing logs for build [32msb1975-photosapp-master-6qbn8-1[0m stage [32mfrom-build-pack[0m and container [32mstep-git-source-sb1975-photosapp-master-6qbn8-ztnqt[0m
{"level":"info","ts":1610757106.283234,"caller":"git/git.go:105","msg":"Successfully cloned https://github.com/******/photosapp.git @ v0.0.1 in path /workspace/source"}
{"level":"warn","ts":1610757106.2833538,"caller":"git/git.go:152","msg":"Unexpected error: creating symlink: symlink /tekton/home/.ssh /root/.ssh: file exists"}
{"level":"info","ts":1610757106.3247752,"caller":"git/git.go:133","msg":"Successfully initialized and updated submodules in path /workspace/source"}

Showing logs for build [32msb1975-photosapp-master-6qbn8-1[0m stage [32mfrom-build-pack[0m and container [32mstep-setup-builder-home[0m

Showing logs for build [32msb1975-photosapp-master-6qbn8-1[0m stage [32mfrom-build-pack[0m and container [32mstep-git-merge[0m
Using SHAs from PULL_REFS=master:
WARNING: no SHAs to merge, falling back to initial cloned commit

Showing logs for build [32msb1975-photosapp-master-6qbn8-1[0m stage [32mfrom-build-pack[0m and container [32mstep-setup-jx-git-credentials[0m
Generated Git credentials file /workspace/xdg_config/git/credentials

Showing logs for build [32msb1975-photosapp-master-6qbn8-1[0m stage [32mfrom-build-pack[0m and container [32mstep-build-npmrc[0m
WARNING: failed to find Secret npm-token in namespace **

Showing logs for build [32msb1975-photosapp-master-6qbn8-1[0m stage [32mfrom-build-pack[0m and container [32mstep-build-npm-install[0m
npm WARN photosapp@1.0.0 No repository field.
npm WARN photosapp@1.0.0 No license field.
npm WARN optional SKIPPING OPTIONAL DEPENDENCY: fsevents@2.1.3 (node_modules/fsevents):
npm WARN notsup SKIPPING OPTIONAL DEPENDENCY: Unsupported platform for fsevents@2.1.3: wanted {"os":"darwin","arch":"any"} (current: {"os":"linux","arch":"x64"})

added 144 packages from 162 contributors and audited 145 packages in 3.901s
found 0 vulnerabilities


Showing logs for build [32msb1975-photosapp-master-6qbn8-1[0m stage [32mfrom-build-pack[0m and container [32mstep-build-npm-test[0m

> photosapp@1.0.0 test /workspace/source
> ./node_modules/mocha/bin/mocha tests/ --exit

Server running at http://localhost:8080


  GET Home page
    ✓ Should return a 200 ok response (66ms)


  1 passing (72ms)


Showing logs for build [32msb1975-photosapp-master-6qbn8-1[0m stage [32mfrom-build-pack[0m and container [32mstep-build-container-build[0m
E0116 00:31:57.013953      11 aws_credentials.go:77] while getting AWS credentials NoCredentialProviders: no valid providers in chain. Deprecated.
	For verbose messaging see aws.Config.CredentialsChainVerboseErrors
[36mINFO[0m[0000] Using dockerignore file: /workspace/source/.dockerignore 
[36mINFO[0m[0000] Retrieving image manifest node:9-slim        
E0116 00:31:57.258625      11 metadata.go:154] while reading 'google-dockercfg' metadata: http status code: 404 while fetching url http://metadata.google.internal./computeMetadata/v1/instance/attributes/google-dockercfg
E0116 00:31:57.262639      11 metadata.go:166] while reading 'google-dockercfg-url' metadata: http status code: 404 while fetching url http://metadata.google.internal./computeMetadata/v1/instance/attributes/google-dockercfg-url
[36mINFO[0m[0001] Retrieving image manifest node:9-slim        
[36mINFO[0m[0001] Built cross stage deps: map[]                
[36mINFO[0m[0001] Retrieving image manifest node:9-slim        
[36mINFO[0m[0002] Retrieving image manifest node:9-slim        
[36mINFO[0m[0002] Executing 0 build triggers                   
[36mINFO[0m[0002] cmd: EXPOSE                                  
[36mINFO[0m[0002] Adding exposed port: 8080/tcp                
[36mINFO[0m[0003] Checking for cached layer gcr.io/ace-vial-272817/cache:d671e47eb3ce035281e6c16af7ec81bef997e5672cc0e4c13845f3247ef3b492... 
[36mINFO[0m[0003] No cached layer found for cmd COPY . .       
[36mINFO[0m[0003] Unpacking rootfs as cmd COPY . . requires it. 
[36mINFO[0m[0008] ENV PORT 8080                                
[36mINFO[0m[0008] No files changed in this command, skipping snapshotting. 
[36mINFO[0m[0008] EXPOSE 8080                                  
[36mINFO[0m[0008] cmd: EXPOSE                                  
[36mINFO[0m[0008] Adding exposed port: 8080/tcp                
[36mINFO[0m[0008] No files changed in this command, skipping snapshotting. 
[36mINFO[0m[0008] WORKDIR /usr/src/app                         
[36mINFO[0m[0008] cmd: workdir                                 
[36mINFO[0m[0008] Changed working directory to /usr/src/app    
[36mINFO[0m[0008] Creating directory /usr/src/app              
[36mINFO[0m[0008] Resolving 1 paths                            
[36mINFO[0m[0008] Taking snapshot of files...                  
[36mINFO[0m[0009] COPY . .                                     
[36mINFO[0m[0009] Resolving 3487 paths                         
[36mINFO[0m[0010] Taking snapshot of files...                  
[36mINFO[0m[0010] Pushing layer gcr.io/ace-vial-272817/cache:d671e47eb3ce035281e6c16af7ec81bef997e5672cc0e4c13845f3247ef3b492 to cache now 
[36mINFO[0m[0010] CMD ["npm", "start"]                         
[36mINFO[0m[0010] No files changed in this command, skipping snapshotting. 

Showing logs for build [32msb1975-photosapp-master-6qbn8-1[0m stage [32mfrom-build-pack[0m and container [32mstep-build-post-build[0m
no CVE provider running in the current ** namespace so skip adding image to be analysed

Showing logs for build [32msb1975-photosapp-master-6qbn8-1[0m stage [32mfrom-build-pack[0m and container [32mstep-promote-changelog[0m
Converted /workspace/source/charts/photosapp to an unshallow repository
Generating change log from git ref e4ff52c289066961d876e2722c295fa63bea569a => 661c60c8cf3b1177824065fe9646803971c51b60
Associating user jenkins-x-bot in users.jenkins.io with email jenkins-x@googlegroups.com to git GitProvider user with login jenkins-x-bot-0 as emails match
Adding label jenkins.io/git-github-userid=jenkins-x-bot-0 to user jenkins-x-bot in users.jenkins.io
Associating user jenkins-x-bot in users.jenkins.io with email jenkins-x@googlegroups.com to git GitProvider user with login jenkins-x-bot-0 as emails match
Adding label jenkins.io/git-github-userid=jenkins-x-bot-0 to user jenkins-x-bot in users.jenkins.io
Finding issues in commit messages using git format
Associating user himanshu-gautam in users.jenkins.io with email himanshu@aplimasolutions.com to git GitProvider user with login himanshu-gautam-0 as emails match
Adding label jenkins.io/git-github-userid=himanshu-gautam-0 to user himanshu-gautam in users.jenkins.io
Associating user himanshu-gautam in users.jenkins.io with email himanshu@aplimasolutions.com to git GitProvider user with login himanshu-gautam-0 as emails match
Adding label jenkins.io/git-github-userid=himanshu-gautam-0 to user himanshu-gautam in users.jenkins.io
Associating user himanshu-gautam in users.jenkins.io with email himanshu@aplimasolutions.com to git GitProvider user with login himanshu-gautam-0 as emails match
Adding label jenkins.io/git-github-userid=himanshu-gautam-0 to user himanshu-gautam in users.jenkins.io
Associating user himanshu-gautam in users.jenkins.io with email himanshu@aplimasolutions.com to git GitProvider user with login himanshu-gautam-0 as emails match
Adding label jenkins.io/git-github-userid=himanshu-gautam-0 to user himanshu-gautam in users.jenkins.io
Associating user himanshu-gautam in users.jenkins.io with email himanshu@aplimasolutions.com to git GitProvider user with login himanshu-gautam-0 as emails match
Adding label jenkins.io/git-github-userid=himanshu-gautam-0 to user himanshu-gautam in users.jenkins.io
Associating user himanshu-gautam in users.jenkins.io with email himanshu@aplimasolutions.com to git GitProvider user with login himanshu-gautam-0 as emails match
Adding label jenkins.io/git-github-userid=himanshu-gautam-0 to user himanshu-gautam in users.jenkins.io
Associating user himanshu-gautam in users.jenkins.io with email himanshu@aplimasolutions.com to git GitProvider user with login himanshu-gautam-0 as emails match
Adding label jenkins.io/git-github-userid=himanshu-gautam-0 to user himanshu-gautam in users.jenkins.io
Associating user himanshu-gautam in users.jenkins.io with email himanshu@aplimasolutions.com to git GitProvider user with login himanshu-gautam-0 as emails match
Adding label jenkins.io/git-github-userid=himanshu-gautam-0 to user himanshu-gautam in users.jenkins.io
Associating user himanshu-gautam in users.jenkins.io with email himanshu@aplimasolutions.com to git GitProvider user with login himanshu-gautam-0 as emails match
Adding label jenkins.io/git-github-userid=himanshu-gautam-0 to user himanshu-gautam in users.jenkins.io
Associating user himanshu-gautam in users.jenkins.io with email himanshu@aplimasolutions.com to git GitProvider user with login himanshu-gautam-0 as emails match
Adding label jenkins.io/git-github-userid=himanshu-gautam-0 to user himanshu-gautam in users.jenkins.io
Associating user himanshu-gautam in users.jenkins.io with email himanshu@aplimasolutions.com to git GitProvider user with login himanshu-gautam-0 as emails match
Adding label jenkins.io/git-github-userid=himanshu-gautam-0 to user himanshu-gautam in users.jenkins.io
Associating user himanshu-gautam in users.jenkins.io with email himanshu@aplimasolutions.com to git GitProvider user with login himanshu-gautam-0 as emails match
Adding label jenkins.io/git-github-userid=himanshu-gautam-0 to user himanshu-gautam in users.jenkins.io
Associating user himanshu-gautam in users.jenkins.io with email himanshu@aplimasolutions.com to git GitProvider user with login himanshu-gautam-0 as emails match
Adding label jenkins.io/git-github-userid=himanshu-gautam-0 to user himanshu-gautam in users.jenkins.io
Associating user himanshu-gautam in users.jenkins.io with email himanshu@aplimasolutions.com to git GitProvider user with login himanshu-gautam-0 as emails match
Adding label jenkins.io/git-github-userid=himanshu-gautam-0 to user himanshu-gautam in users.jenkins.io
Associating user himanshu-gautam in users.jenkins.io with email himanshu@aplimasolutions.com to git GitProvider user with login himanshu-gautam-0 as emails match
Adding label jenkins.io/git-github-userid=himanshu-gautam-0 to user himanshu-gautam in users.jenkins.io
Associating user himanshu-gautam in users.jenkins.io with email himanshu@aplimasolutions.com to git GitProvider user with login himanshu-gautam-0 as emails match
Adding label jenkins.io/git-github-userid=himanshu-gautam-0 to user himanshu-gautam in users.jenkins.io
Associating user himanshu-gautam in users.jenkins.io with email himanshu@aplimasolutions.com to git GitProvider user with login himanshu-gautam-0 as emails match
Adding label jenkins.io/git-github-userid=himanshu-gautam-0 to user himanshu-gautam in users.jenkins.io
Associating user himanshu-gautam in users.jenkins.io with email himanshu@aplimasolutions.com to git GitProvider user with login himanshu-gautam-0 as emails match
Adding label jenkins.io/git-github-userid=himanshu-gautam-0 to user himanshu-gautam in users.jenkins.io
Associating user himanshu-gautam in users.jenkins.io with email himanshu@aplimasolutions.com to git GitProvider user with login himanshu-gautam-0 as emails match
Adding label jenkins.io/git-github-userid=himanshu-gautam-0 to user himanshu-gautam in users.jenkins.io
Associating user himanshu-gautam in users.jenkins.io with email himanshu@aplimasolutions.com to git GitProvider user with login himanshu-gautam-0 as emails match
Adding label jenkins.io/git-github-userid=himanshu-gautam-0 to user himanshu-gautam in users.jenkins.io
Associating user himanshu-gautam in users.jenkins.io with email himanshu@aplimasolutions.com to git GitProvider user with login himanshu-gautam-0 as emails match
Adding label jenkins.io/git-github-userid=himanshu-gautam-0 to user himanshu-gautam in users.jenkins.io
Associating user himanshu-gautam in users.jenkins.io with email himanshu@aplimasolutions.com to git GitProvider user with login himanshu-gautam-0 as emails match
Adding label jenkins.io/git-github-userid=himanshu-gautam-0 to user himanshu-gautam in users.jenkins.io
Associating user himanshu-gautam in users.jenkins.io with email himanshu@aplimasolutions.com to git GitProvider user with login himanshu-gautam-0 as emails match
Adding label jenkins.io/git-github-userid=himanshu-gautam-0 to user himanshu-gautam in users.jenkins.io
Associating user himanshu-gautam in users.jenkins.io with email himanshu@aplimasolutions.com to git GitProvider user with login himanshu-gautam-0 as emails match
Adding label jenkins.io/git-github-userid=himanshu-gautam-0 to user himanshu-gautam in users.jenkins.io
Associating user himanshu-gautam in users.jenkins.io with email himanshu@aplimasolutions.com to git GitProvider user with login himanshu-gautam-0 as emails match
Adding label jenkins.io/git-github-userid=himanshu-gautam-0 to user himanshu-gautam in users.jenkins.io
Associating user himanshu-gautam in users.jenkins.io with email himanshu@aplimasolutions.com to git GitProvider user with login himanshu-gautam-0 as emails match
Adding label jenkins.io/git-github-userid=himanshu-gautam-0 to user himanshu-gautam in users.jenkins.io
Associating user himanshu-gautam in users.jenkins.io with email himanshu@aplimasolutions.com to git GitProvider user with login himanshu-gautam-0 as emails match
Adding label jenkins.io/git-github-userid=himanshu-gautam-0 to user himanshu-gautam in users.jenkins.io
Associating user himanshu-gautam in users.jenkins.io with email himanshu@aplimasolutions.com to git GitProvider user with login himanshu-gautam-0 as emails match
Adding label jenkins.io/git-github-userid=himanshu-gautam-0 to user himanshu-gautam in users.jenkins.io
Associating user himanshu-gautam in users.jenkins.io with email himanshu@aplimasolutions.com to git GitProvider user with login himanshu-gautam-0 as emails match
Adding label jenkins.io/git-github-userid=himanshu-gautam-0 to user himanshu-gautam in users.jenkins.io
Associating user himanshu-gautam in users.jenkins.io with email himanshu@aplimasolutions.com to git GitProvider user with login himanshu-gautam-0 as emails match
Adding label jenkins.io/git-github-userid=himanshu-gautam-0 to user himanshu-gautam in users.jenkins.io
Associating user himanshu-gautam in users.jenkins.io with email himanshu@aplimasolutions.com to git GitProvider user with login himanshu-gautam-0 as emails match
Adding label jenkins.io/git-github-userid=himanshu-gautam-0 to user himanshu-gautam in users.jenkins.io
WARNING: No release found for ******/photosapp and tag v0.0.1 so creating a new release
Updated the release information at https://github.com/******/photosapp/releases/tag/v0.0.1
generated: /workspace/source/charts/photosapp/templates/release.yaml
Created Release photosapp-0-0-1 resource in namespace **
Updating PipelineActivity ******-photosapp-master-1 with version 0.0.1
Updated PipelineActivities ******-photosapp-master-1 with release notes URL: https://github.com/******/photosapp/releases/tag/v0.0.1

Showing logs for build [32msb1975-photosapp-master-6qbn8-1[0m stage [32mfrom-build-pack[0m and container [32mstep-promote-helm-release[0m
WARNING: No $CHART_REPOSITORY defined so using the default value of: http://jenkins-x-chartmuseum:8080
Adding missing Helm repo: storage.googleapis.com https://storage.googleapis.com/chartmuseum.jenkins-x.io
Successfully added Helm repository storage.googleapis.com.
Adding missing Helm repo: jenkins-x-chartmuseum http://jenkins-x-chartmuseum:8080
Successfully added Helm repository jenkins-x-chartmuseum.
WARNING: No $CHART_REPOSITORY defined so using the default value of: http://jenkins-x-chartmuseum:8080
Uploading chart file photosapp-0.0.1.tgz to http://jenkins-x-chartmuseum:8080/api/charts
Received 201 response: {"saved":true}

Showing logs for build [32msb1975-photosapp-master-6qbn8-1[0m stage [32mfrom-build-pack[0m and container [32mstep-promote-jx-promote[0m
WARNING: prow based install so skip waiting for the merge of Pull Requests to go green as currently there is an issue with gettingstatuses from the PR, see https://github.com/jenkins-x/**/issues/2410
WARNING: No $CHART_REPOSITORY defined so using the default value of: http://jenkins-x-chartmuseum:8080
Promoting app photosapp version 0.0.1 to namespace **-staging
Created Pull Request: https://github.com/******/environment-**boot-staging/pull/2
Added label updatebot to Pull Request https://github.com/******/environment-**boot-staging/pull/2
got git provider status pending from PR https://github.com/******/environment-**boot-staging/pull/2
got git provider status pending from PR https://github.com/******/environment-**boot-staging/pull/2
Pull Request https://github.com/******/environment-**boot-staging/pull/2 is merged at sha 6f507a802f086a16b309696b5829e117539e1ef2
Pull Request merged but we are not waiting for the update pipeline to complete!
WARNING: Could not find the service URL in namespace **-staging for names photosapp, **-photosapp, **-staging-photosapp
